# JRE version: OpenJDK Runtime Environment Temurin-17.0.3+7 (17.0.3+7) (build 17.0.3+7)
# Java VM: OpenJDK 64-Bit Server VM Temurin-17.0.3+7 (17.0.3+7, mixed mode, emulated-client, tiered, compressed oops, compressed class ptrs, serial gc, linux-amd64)
Heap:
 def new generation   total 10304K, used 2063K [0x00000000e1000000, 0x00000000e1b20000, 0x00000000eb550000)
  eden space 9216K,  22% used [0x00000000e1000000, 0x00000000e1202d48, 0x00000000e1900000)
  from space 1088K,   0% used [0x00000000e1900000, 0x00000000e1901080, 0x00000000e1a10000)
  to   space 1088K,   0% used [0x00000000e1a10000, 0x00000000e1a10000, 0x00000000e1b20000)
 tenured generation   total 22724K, used 16357K [0x00000000eb550000, 0x00000000ecb81000, 0x0000000100000000)
   the space 22724K,  71% used [0x00000000eb550000, 0x00000000ec5497b0, 0x00000000ec549800, 0x00000000ecb81000)
 Metaspace       used 40452K, committed 40832K, reserved 1089536K
  class space    used 5587K, committed 5760K, reserved 1048576K
GC Heap History (20 events):
Event: 152.174 GC heap before
{Heap before GC invocations=25595 (full 2):
 def new generation   total 10304K, used 9216K [0x00000000e1000000, 0x00000000e1b20000, 0x00000000eb550000)
  eden space 9216K, 100% used [0x00000000e1000000, 0x00000000e1900000, 0x00000000e1900000)
  from space 1088K,   0% used [0x00000000e1900000, 0x00000000e1900098, 0x00000000e1a10000)
  to   space 1088K,   0% used [0x00000000e1a10000, 0x00000000e1a10000, 0x00000000e1b20000)
 tenured generation   total 22724K, used 16357K [0x00000000eb550000, 0x00000000ecb81000, 0x0000000100000000)
   the space 22724K,  71% used [0x00000000eb550000, 0x00000000ec5497b0, 0x00000000ec549800, 0x00000000ecb81000)
 Metaspace       used 40437K, committed 40832K, reserved 1089536K
  class space    used 5584K, committed 5760K, reserved 1048576K
}
Event: 152.174 GC heap after
{Heap after GC invocations=25596 (full 2):
 def new generation   total 10304K, used 3K [0x00000000e1000000, 0x00000000e1b20000, 0x00000000eb550000)
  eden space 9216K,   0% used [0x00000000e1000000, 0x00000000e1000000, 0x00000000e1900000)
  from space 1088K,   0% used [0x00000000e1a10000, 0x00000000e1a10e10, 0x00000000e1b20000)
  to   space 1088K,   0% used [0x00000000e1900000, 0x00000000e1900000, 0x00000000e1a10000)
 tenured generation   total 22724K, used 16357K [0x00000000eb550000, 0x00000000ecb81000, 0x0000000100000000)
   the space 22724K,  71% used [0x00000000eb550000, 0x00000000ec5497b0, 0x00000000ec549800, 0x00000000ecb81000)
 Metaspace       used 40437K, committed 40832K, reserved 1089536K
  class space    used 5584K, committed 5760K, reserved 1048576K
}
Event: 152.201 GC heap before
{Heap before GC invocations=25596 (full 2):
 def new generation   total 10304K, used 9219K [0x00000000e1000000, 0x00000000e1b20000, 0x00000000eb550000)
  eden space 9216K, 100% used [0x00000000e1000000, 0x00000000e1900000, 0x00000000e1900000)
  from space 1088K,   0% used [0x00000000e1a10000, 0x00000000e1a10e10, 0x00000000e1b20000)
  to   space 1088K,   0% used [0x00000000e1900000, 0x00000000e1900000, 0x00000000e1a10000)
 tenured generation   total 22724K, used 16357K [0x00000000eb550000, 0x00000000ecb81000, 0x0000000100000000)
   the space 22724K,  71% used [0x00000000eb550000, 0x00000000ec5497b0, 0x00000000ec549800, 0x00000000ecb81000)
 Metaspace       used 40444K, committed 40832K, reserved 1089536K
  class space    used 5584K, committed 5760K, reserved 1048576K
}
Event: 152.202 GC heap after
{Heap after GC invocations=25597 (full 2):
 def new generation   total 10304K, used 5K [0x00000000e1000000, 0x00000000e1b20000, 0x00000000eb550000)
  eden space 9216K,   0% used [0x00000000e1000000, 0x00000000e1000000, 0x00000000e1900000)
  from space 1088K,   0% used [0x00000000e1900000, 0x00000000e19017d0, 0x00000000e1a10000)
  to   space 1088K,   0% used [0x00000000e1a10000, 0x00000000e1a10000, 0x00000000e1b20000)
 tenured generation   total 22724K, used 16357K [0x00000000eb550000, 0x00000000ecb81000, 0x0000000100000000)
   the space 22724K,  71% used [0x00000000eb550000, 0x00000000ec5497b0, 0x00000000ec549800, 0x00000000ecb81000)
 Metaspace       used 40444K, committed 40832K, reserved 1089536K
  class space    used 5584K, committed 5760K, reserved 1048576K
}
Event: 152.212 GC heap before
{Heap before GC invocations=25597 (full 2):
 def new generation   total 10304K, used 9221K [0x00000000e1000000, 0x00000000e1b20000, 0x00000000eb550000)
  eden space 9216K, 100% used [0x00000000e1000000, 0x00000000e1900000, 0x00000000e1900000)
  from space 1088K,   0% used [0x00000000e1900000, 0x00000000e19017d0, 0x00000000e1a10000)
  to   space 1088K,   0% used [0x00000000e1a10000, 0x00000000e1a10000, 0x00000000e1b20000)
 tenured generation   total 22724K, used 16357K [0x00000000eb550000, 0x00000000ecb81000, 0x0000000100000000)
   the space 22724K,  71% used [0x00000000eb550000, 0x00000000ec5497b0, 0x00000000ec549800, 0x00000000ecb81000)
 Metaspace       used 40444K, committed 40832K, reserved 1089536K
  class space    used 5584K, committed 5760K, reserved 1048576K
}
Event: 152.212 GC heap after
{Heap after GC invocations=25598 (full 2):
 def new generation   total 10304K, used 4K [0x00000000e1000000, 0x00000000e1b20000, 0x00000000eb550000)
  eden space 9216K,   0% used [0x00000000e1000000, 0x00000000e1000000, 0x00000000e1900000)
  from space 1088K,   0% used [0x00000000e1a10000, 0x00000000e1a110f0, 0x00000000e1b20000)
  to   space 1088K,   0% used [0x00000000e1900000, 0x00000000e1900000, 0x00000000e1a10000)
 tenured generation   total 22724K, used 16357K [0x00000000eb550000, 0x00000000ecb81000, 0x0000000100000000)
   the space 22724K,  71% used [0x00000000eb550000, 0x00000000ec5497b0, 0x00000000ec549800, 0x00000000ecb81000)
 Metaspace       used 40444K, committed 40832K, reserved 1089536K
  class space    used 5584K, committed 5760K, reserved 1048576K
}
Event: 152.241 GC heap before
{Heap before GC invocations=25598 (full 2):
 def new generation   total 10304K, used 9220K [0x00000000e1000000, 0x00000000e1b20000, 0x00000000eb550000)
  eden space 9216K, 100% used [0x00000000e1000000, 0x00000000e1900000, 0x00000000e1900000)
  from space 1088K,   0% used [0x00000000e1a10000, 0x00000000e1a110f0, 0x00000000e1b20000)
  to   space 1088K,   0% used [0x00000000e1900000, 0x00000000e1900000, 0x00000000e1a10000)
 tenured generation   total 22724K, used 16357K [0x00000000eb550000, 0x00000000ecb81000, 0x0000000100000000)
   the space 22724K,  71% used [0x00000000eb550000, 0x00000000ec5497b0, 0x00000000ec549800, 0x00000000ecb81000)
 Metaspace       used 40444K, committed 40832K, reserved 1089536K
  class space    used 5584K, committed 5760K, reserved 1048576K
}
Event: 152.242 GC heap after
{Heap after GC invocations=25599 (full 2):
 def new generation   total 10304K, used 0K [0x00000000e1000000, 0x00000000e1b20000, 0x00000000eb550000)
  eden space 9216K,   0% used [0x00000000e1000000, 0x00000000e1000000, 0x00000000e1900000)
  from space 1088K,   0% used [0x00000000e1900000, 0x00000000e19002a8, 0x00000000e1a10000)
  to   space 1088K,   0% used [0x00000000e1a10000, 0x00000000e1a10000, 0x00000000e1b20000)
 tenured generation   total 22724K, used 16357K [0x00000000eb550000, 0x00000000ecb81000, 0x0000000100000000)
   the space 22724K,  71% used [0x00000000eb550000, 0x00000000ec5497b0, 0x00000000ec549800, 0x00000000ecb81000)
 Metaspace       used 40444K, committed 40832K, reserved 1089536K
  class space    used 5584K, committed 5760K, reserved 1048576K
}
Event: 152.259 GC heap before
{Heap before GC invocations=25599 (full 2):
 def new generation   total 10304K, used 9216K [0x00000000e1000000, 0x00000000e1b20000, 0x00000000eb550000)
  eden space 9216K,  99% used [0x00000000e1000000, 0x00000000e18ffff8, 0x00000000e1900000)
  from space 1088K,   0% used [0x00000000e1900000, 0x00000000e19002a8, 0x00000000e1a10000)
  to   space 1088K,   0% used [0x00000000e1a10000, 0x00000000e1a10000, 0x00000000e1b20000)
 tenured generation   total 22724K, used 16357K [0x00000000eb550000, 0x00000000ecb81000, 0x0000000100000000)
   the space 22724K,  71% used [0x00000000eb550000, 0x00000000ec5497b0, 0x00000000ec549800, 0x00000000ecb81000)
 Metaspace       used 40446K, committed 40832K, reserved 1089536K
  class space    used 5585K, committed 5760K, reserved 1048576K
}
Event: 152.259 GC heap after
{Heap after GC invocations=25600 (full 2):
 def new generation   total 10304K, used 1K [0x00000000e1000000, 0x00000000e1b20000, 0x00000000eb550000)
  eden space 9216K,   0% used [0x00000000e1000000, 0x00000000e1000000, 0x00000000e1900000)
  from space 1088K,   0% used [0x00000000e1a10000, 0x00000000e1a105d8, 0x00000000e1b20000)
  to   space 1088K,   0% used [0x00000000e1900000, 0x00000000e1900000, 0x00000000e1a10000)
 tenured generation   total 22724K, used 16357K [0x00000000eb550000, 0x00000000ecb81000, 0x0000000100000000)
   the space 22724K,  71% used [0x00000000eb550000, 0x00000000ec5497b0, 0x00000000ec549800, 0x00000000ecb81000)
 Metaspace       used 40446K, committed 40832K, reserved 1089536K
  class space    used 5585K, committed 5760K, reserved 1048576K
}
Event: 152.278 GC heap before
{Heap before GC invocations=25600 (full 2):
 def new generation   total 10304K, used 9217K [0x00000000e1000000, 0x00000000e1b20000, 0x00000000eb550000)
  eden space 9216K,  99% used [0x00000000e1000000, 0x00000000e18ffff8, 0x00000000e1900000)
  from space 1088K,   0% used [0x00000000e1a10000, 0x00000000e1a105d8, 0x00000000e1b20000)
  to   space 1088K,   0% used [0x00000000e1900000, 0x00000000e1900000, 0x00000000e1a10000)
 tenured generation   total 22724K, used 16357K [0x00000000eb550000, 0x00000000ecb81000, 0x0000000100000000)
   the space 22724K,  71% used [0x00000000eb550000, 0x00000000ec5497b0, 0x00000000ec549800, 0x00000000ecb81000)
 Metaspace       used 40446K, committed 40832K, reserved 1089536K
  class space    used 5585K, committed 5760K, reserved 1048576K
}
Event: 152.280 GC heap after
{Heap after GC invocations=25601 (full 2):
 def new generation   total 10304K, used 1K [0x00000000e1000000, 0x00000000e1b20000, 0x00000000eb550000)
  eden space 9216K,   0% used [0x00000000e1000000, 0x00000000e1000000, 0x00000000e1900000)
  from space 1088K,   0% used [0x00000000e1900000, 0x00000000e1900620, 0x00000000e1a10000)
  to   space 1088K,   0% used [0x00000000e1a10000, 0x00000000e1a10000, 0x00000000e1b20000)
 tenured generation   total 22724K, used 16357K [0x00000000eb550000, 0x00000000ecb81000, 0x0000000100000000)
   the space 22724K,  71% used [0x00000000eb550000, 0x00000000ec5497b0, 0x00000000ec549800, 0x00000000ecb81000)
 Metaspace       used 40446K, committed 40832K, reserved 1089536K
  class space    used 5585K, committed 5760K, reserved 1048576K
}
Event: 152.287 GC heap before
{Heap before GC invocations=25601 (full 2):
 def new generation   total 10304K, used 9217K [0x00000000e1000000, 0x00000000e1b20000, 0x00000000eb550000)
  eden space 9216K, 100% used [0x00000000e1000000, 0x00000000e1900000, 0x00000000e1900000)
  from space 1088K,   0% used [0x00000000e1900000, 0x00000000e1900620, 0x00000000e1a10000)
  to   space 1088K,   0% used [0x00000000e1a10000, 0x00000000e1a10000, 0x00000000e1b20000)
 tenured generation   total 22724K, used 16357K [0x00000000eb550000, 0x00000000ecb81000, 0x0000000100000000)
   the space 22724K,  71% used [0x00000000eb550000, 0x00000000ec5497b0, 0x00000000ec549800, 0x00000000ecb81000)
 Metaspace       used 40446K, committed 40832K, reserved 1089536K
  class space    used 5585K, committed 5760K, reserved 1048576K
}
Event: 152.287 GC heap after
{Heap after GC invocations=25602 (full 2):
 def new generation   total 10304K, used 1K [0x00000000e1000000, 0x00000000e1b20000, 0x00000000eb550000)
  eden space 9216K,   0% used [0x00000000e1000000, 0x00000000e1000000, 0x00000000e1900000)
  from space 1088K,   0% used [0x00000000e1a10000, 0x00000000e1a10668, 0x00000000e1b20000)
  to   space 1088K,   0% used [0x00000000e1900000, 0x00000000e1900000, 0x00000000e1a10000)
 tenured generation   total 22724K, used 16357K [0x00000000eb550000, 0x00000000ecb81000, 0x0000000100000000)
   the space 22724K,  71% used [0x00000000eb550000, 0x00000000ec5497b0, 0x00000000ec549800, 0x00000000ecb81000)
 Metaspace       used 40446K, committed 40832K, reserved 1089536K
  class space    used 5585K, committed 5760K, reserved 1048576K
}
Event: 152.305 GC heap before
{Heap before GC invocations=25602 (full 2):
 def new generation   total 10304K, used 9217K [0x00000000e1000000, 0x00000000e1b20000, 0x00000000eb550000)
  eden space 9216K, 100% used [0x00000000e1000000, 0x00000000e1900000, 0x00000000e1900000)
  from space 1088K,   0% used [0x00000000e1a10000, 0x00000000e1a10668, 0x00000000e1b20000)
  to   space 1088K,   0% used [0x00000000e1900000, 0x00000000e1900000, 0x00000000e1a10000)
 tenured generation   total 22724K, used 16357K [0x00000000eb550000, 0x00000000ecb81000, 0x0000000100000000)
   the space 22724K,  71% used [0x00000000eb550000, 0x00000000ec5497b0, 0x00000000ec549800, 0x00000000ecb81000)
 Metaspace       used 40451K, committed 40832K, reserved 1089536K
  class space    used 5587K, committed 5760K, reserved 1048576K
}
Event: 152.307 GC heap after
{Heap after GC invocations=25603 (full 2):
 def new generation   total 10304K, used 5K [0x00000000e1000000, 0x00000000e1b20000, 0x00000000eb550000)
  eden space 9216K,   0% used [0x00000000e1000000, 0x00000000e1000000, 0x00000000e1900000)
  from space 1088K,   0% used [0x00000000e1900000, 0x00000000e1901400, 0x00000000e1a10000)
  to   space 1088K,   0% used [0x00000000e1a10000, 0x00000000e1a10000, 0x00000000e1b20000)
 tenured generation   total 22724K, used 16357K [0x00000000eb550000, 0x00000000ecb81000, 0x0000000100000000)
   the space 22724K,  71% used [0x00000000eb550000, 0x00000000ec5497b0, 0x00000000ec549800, 0x00000000ecb81000)
 Metaspace       used 40451K, committed 40832K, reserved 1089536K
  class space    used 5587K, committed 5760K, reserved 1048576K
}
Event: 152.323 GC heap before
{Heap before GC invocations=25603 (full 2):
 def new generation   total 10304K, used 9221K [0x00000000e1000000, 0x00000000e1b20000, 0x00000000eb550000)
  eden space 9216K, 100% used [0x00000000e1000000, 0x00000000e1900000, 0x00000000e1900000)
  from space 1088K,   0% used [0x00000000e1900000, 0x00000000e1901400, 0x00000000e1a10000)
  to   space 1088K,   0% used [0x00000000e1a10000, 0x00000000e1a10000, 0x00000000e1b20000)
 tenured generation   total 22724K, used 16357K [0x00000000eb550000, 0x00000000ecb81000, 0x0000000100000000)
   the space 22724K,  71% used [0x00000000eb550000, 0x00000000ec5497b0, 0x00000000ec549800, 0x00000000ecb81000)
 Metaspace       used 40451K, committed 40832K, reserved 1089536K
  class space    used 5587K, committed 5760K, reserved 1048576K
}
Event: 152.329 GC heap after
{Heap after GC invocations=25604 (full 2):
 def new generation   total 10304K, used 4K [0x00000000e1000000, 0x00000000e1b20000, 0x00000000eb550000)
  eden space 9216K,   0% used [0x00000000e1000000, 0x00000000e1000000, 0x00000000e1900000)
  from space 1088K,   0% used [0x00000000e1a10000, 0x00000000e1a11340, 0x00000000e1b20000)
  to   space 1088K,   0% used [0x00000000e1900000, 0x00000000e1900000, 0x00000000e1a10000)
 tenured generation   total 22724K, used 16357K [0x00000000eb550000, 0x00000000ecb81000, 0x0000000100000000)
   the space 22724K,  71% used [0x00000000eb550000, 0x00000000ec5497b0, 0x00000000ec549800, 0x00000000ecb81000)
 Metaspace       used 40451K, committed 40832K, reserved 1089536K
  class space    used 5587K, committed 5760K, reserved 1048576K
}
Event: 152.337 GC heap before
{Heap before GC invocations=25604 (full 2):
 def new generation   total 10304K, used 9220K [0x00000000e1000000, 0x00000000e1b20000, 0x00000000eb550000)
  eden space 9216K, 100% used [0x00000000e1000000, 0x00000000e1900000, 0x00000000e1900000)
  from space 1088K,   0% used [0x00000000e1a10000, 0x00000000e1a11340, 0x00000000e1b20000)
  to   space 1088K,   0% used [0x00000000e1900000, 0x00000000e1900000, 0x00000000e1a10000)
 tenured generation   total 22724K, used 16357K [0x00000000eb550000, 0x00000000ecb81000, 0x0000000100000000)
   the space 22724K,  71% used [0x00000000eb550000, 0x00000000ec5497b0, 0x00000000ec549800, 0x00000000ecb81000)
 Metaspace       used 40452K, committed 40832K, reserved 1089536K
  class space    used 5587K, committed 5760K, reserved 1048576K
}
Event: 152.339 GC heap after
{Heap after GC invocations=25605 (full 2):
 def new generation   total 10304K, used 4K [0x00000000e1000000, 0x00000000e1b20000, 0x00000000eb550000)
  eden space 9216K,   0% used [0x00000000e1000000, 0x00000000e1000000, 0x00000000e1900000)
  from space 1088K,   0% used [0x00000000e1900000, 0x00000000e1901080, 0x00000000e1a10000)
  to   space 1088K,   0% used [0x00000000e1a10000, 0x00000000e1a10000, 0x00000000e1b20000)
 tenured generation   total 22724K, used 16357K [0x00000000eb550000, 0x00000000ecb81000, 0x0000000100000000)
   the space 22724K,  71% used [0x00000000eb550000, 0x00000000ec5497b0, 0x00000000ec549800, 0x00000000ecb81000)
 Metaspace       used 40452K, committed 40832K, reserved 1089536K
  class space    used 5587K, committed 5760K, reserved 1048576K
}

