# JRE version: OpenJDK Runtime Environment Temurin-17.0.3+7 (17.0.3+7) (build 17.0.3+7)
# Java VM: OpenJDK 64-Bit Server VM Temurin-17.0.3+7 (17.0.3+7, mixed mode, emulated-client, tiered, compressed oops, compressed class ptrs, serial gc, linux-amd64)
Heap:
 def new generation   total 10112K, used 7491K [0x00000000e1000000, 0x00000000e1af0000, 0x00000000eb550000)
  eden space 9024K,  83% used [0x00000000e1000000, 0x00000000e1750860, 0x00000000e18d0000)
  from space 1088K,   0% used [0x00000000e19e0000, 0x00000000e19e0740, 0x00000000e1af0000)
  to   space 1088K,   0% used [0x00000000e18d0000, 0x00000000e18d0000, 0x00000000e19e0000)
 tenured generation   total 22300K, used 16625K [0x00000000eb550000, 0x00000000ecb17000, 0x0000000100000000)
   the space 22300K,  74% used [0x00000000eb550000, 0x00000000ec58c560, 0x00000000ec58c600, 0x00000000ecb17000)
 Metaspace       used 41068K, committed 41536K, reserved 1089536K
  class space    used 5667K, committed 5888K, reserved 1048576K
GC Heap History (20 events):
Event: 177.731 GC heap before
{Heap before GC invocations=30774 (full 2):
 def new generation   total 10112K, used 9030K [0x00000000e1000000, 0x00000000e1af0000, 0x00000000eb550000)
  eden space 9024K, 100% used [0x00000000e1000000, 0x00000000e18d0000, 0x00000000e18d0000)
  from space 1088K,   0% used [0x00000000e19e0000, 0x00000000e19e1990, 0x00000000e1af0000)
  to   space 1088K,   0% used [0x00000000e18d0000, 0x00000000e18d0000, 0x00000000e19e0000)
 tenured generation   total 22300K, used 16618K [0x00000000eb550000, 0x00000000ecb17000, 0x0000000100000000)
   the space 22300K,  74% used [0x00000000eb550000, 0x00000000ec58abd0, 0x00000000ec58ac00, 0x00000000ecb17000)
 Metaspace       used 41053K, committed 41536K, reserved 1089536K
  class space    used 5664K, committed 5888K, reserved 1048576K
}
Event: 177.732 GC heap after
{Heap after GC invocations=30775 (full 2):
 def new generation   total 10112K, used 0K [0x00000000e1000000, 0x00000000e1af0000, 0x00000000eb550000)
  eden space 9024K,   0% used [0x00000000e1000000, 0x00000000e1000000, 0x00000000e18d0000)
  from space 1088K,   0% used [0x00000000e18d0000, 0x00000000e18d01c8, 0x00000000e19e0000)
  to   space 1088K,   0% used [0x00000000e19e0000, 0x00000000e19e0000, 0x00000000e1af0000)
 tenured generation   total 22300K, used 16624K [0x00000000eb550000, 0x00000000ecb17000, 0x0000000100000000)
   the space 22300K,  74% used [0x00000000eb550000, 0x00000000ec58c398, 0x00000000ec58c400, 0x00000000ecb17000)
 Metaspace       used 41053K, committed 41536K, reserved 1089536K
  class space    used 5664K, committed 5888K, reserved 1048576K
}
Event: 177.746 GC heap before
{Heap before GC invocations=30775 (full 2):
 def new generation   total 10112K, used 9024K [0x00000000e1000000, 0x00000000e1af0000, 0x00000000eb550000)
  eden space 9024K, 100% used [0x00000000e1000000, 0x00000000e18d0000, 0x00000000e18d0000)
  from space 1088K,   0% used [0x00000000e18d0000, 0x00000000e18d01c8, 0x00000000e19e0000)
  to   space 1088K,   0% used [0x00000000e19e0000, 0x00000000e19e0000, 0x00000000e1af0000)
 tenured generation   total 22300K, used 16624K [0x00000000eb550000, 0x00000000ecb17000, 0x0000000100000000)
   the space 22300K,  74% used [0x00000000eb550000, 0x00000000ec58c398, 0x00000000ec58c400, 0x00000000ecb17000)
 Metaspace       used 41053K, committed 41536K, reserved 1089536K
  class space    used 5664K, committed 5888K, reserved 1048576K
}
Event: 177.747 GC heap after
{Heap after GC invocations=30776 (full 2):
 def new generation   total 10112K, used 0K [0x00000000e1000000, 0x00000000e1af0000, 0x00000000eb550000)
  eden space 9024K,   0% used [0x00000000e1000000, 0x00000000e1000000, 0x00000000e18d0000)
  from space 1088K,   0% used [0x00000000e19e0000, 0x00000000e19e01c8, 0x00000000e1af0000)
  to   space 1088K,   0% used [0x00000000e18d0000, 0x00000000e18d0000, 0x00000000e19e0000)
 tenured generation   total 22300K, used 16624K [0x00000000eb550000, 0x00000000ecb17000, 0x0000000100000000)
   the space 22300K,  74% used [0x00000000eb550000, 0x00000000ec58c398, 0x00000000ec58c400, 0x00000000ecb17000)
 Metaspace       used 41053K, committed 41536K, reserved 1089536K
  class space    used 5664K, committed 5888K, reserved 1048576K
}
Event: 177.767 GC heap before
{Heap before GC invocations=30776 (full 2):
 def new generation   total 10112K, used 9024K [0x00000000e1000000, 0x00000000e1af0000, 0x00000000eb550000)
  eden space 9024K, 100% used [0x00000000e1000000, 0x00000000e18d0000, 0x00000000e18d0000)
  from space 1088K,   0% used [0x00000000e19e0000, 0x00000000e19e01c8, 0x00000000e1af0000)
  to   space 1088K,   0% used [0x00000000e18d0000, 0x00000000e18d0000, 0x00000000e19e0000)
 tenured generation   total 22300K, used 16624K [0x00000000eb550000, 0x00000000ecb17000, 0x0000000100000000)
   the space 22300K,  74% used [0x00000000eb550000, 0x00000000ec58c398, 0x00000000ec58c400, 0x00000000ecb17000)
 Metaspace       used 41053K, committed 41536K, reserved 1089536K
  class space    used 5664K, committed 5888K, reserved 1048576K
}
Event: 177.768 GC heap after
{Heap after GC invocations=30777 (full 2):
 def new generation   total 10112K, used 0K [0x00000000e1000000, 0x00000000e1af0000, 0x00000000eb550000)
  eden space 9024K,   0% used [0x00000000e1000000, 0x00000000e1000000, 0x00000000e18d0000)
  from space 1088K,   0% used [0x00000000e18d0000, 0x00000000e18d01c8, 0x00000000e19e0000)
  to   space 1088K,   0% used [0x00000000e19e0000, 0x00000000e19e0000, 0x00000000e1af0000)
 tenured generation   total 22300K, used 16624K [0x00000000eb550000, 0x00000000ecb17000, 0x0000000100000000)
   the space 22300K,  74% used [0x00000000eb550000, 0x00000000ec58c398, 0x00000000ec58c400, 0x00000000ecb17000)
 Metaspace       used 41053K, committed 41536K, reserved 1089536K
  class space    used 5664K, committed 5888K, reserved 1048576K
}
Event: 177.784 GC heap before
{Heap before GC invocations=30777 (full 2):
 def new generation   total 10112K, used 9024K [0x00000000e1000000, 0x00000000e1af0000, 0x00000000eb550000)
  eden space 9024K,  99% used [0x00000000e1000000, 0x00000000e18cfff8, 0x00000000e18d0000)
  from space 1088K,   0% used [0x00000000e18d0000, 0x00000000e18d01c8, 0x00000000e19e0000)
  to   space 1088K,   0% used [0x00000000e19e0000, 0x00000000e19e0000, 0x00000000e1af0000)
 tenured generation   total 22300K, used 16624K [0x00000000eb550000, 0x00000000ecb17000, 0x0000000100000000)
   the space 22300K,  74% used [0x00000000eb550000, 0x00000000ec58c398, 0x00000000ec58c400, 0x00000000ecb17000)
 Metaspace       used 41053K, committed 41536K, reserved 1089536K
  class space    used 5664K, committed 5888K, reserved 1048576K
}
Event: 177.785 GC heap after
{Heap after GC invocations=30778 (full 2):
 def new generation   total 10112K, used 0K [0x00000000e1000000, 0x00000000e1af0000, 0x00000000eb550000)
  eden space 9024K,   0% used [0x00000000e1000000, 0x00000000e1000000, 0x00000000e18d0000)
  from space 1088K,   0% used [0x00000000e19e0000, 0x00000000e19e01c8, 0x00000000e1af0000)
  to   space 1088K,   0% used [0x00000000e18d0000, 0x00000000e18d0000, 0x00000000e19e0000)
 tenured generation   total 22300K, used 16624K [0x00000000eb550000, 0x00000000ecb17000, 0x0000000100000000)
   the space 22300K,  74% used [0x00000000eb550000, 0x00000000ec58c398, 0x00000000ec58c400, 0x00000000ecb17000)
 Metaspace       used 41053K, committed 41536K, reserved 1089536K
  class space    used 5664K, committed 5888K, reserved 1048576K
}
Event: 177.810 GC heap before
{Heap before GC invocations=30778 (full 2):
 def new generation   total 10112K, used 9024K [0x00000000e1000000, 0x00000000e1af0000, 0x00000000eb550000)
  eden space 9024K, 100% used [0x00000000e1000000, 0x00000000e18d0000, 0x00000000e18d0000)
  from space 1088K,   0% used [0x00000000e19e0000, 0x00000000e19e01c8, 0x00000000e1af0000)
  to   space 1088K,   0% used [0x00000000e18d0000, 0x00000000e18d0000, 0x00000000e19e0000)
 tenured generation   total 22300K, used 16624K [0x00000000eb550000, 0x00000000ecb17000, 0x0000000100000000)
   the space 22300K,  74% used [0x00000000eb550000, 0x00000000ec58c398, 0x00000000ec58c400, 0x00000000ecb17000)
 Metaspace       used 41053K, committed 41536K, reserved 1089536K
  class space    used 5664K, committed 5888K, reserved 1048576K
}
Event: 177.813 GC heap after
{Heap after GC invocations=30779 (full 2):
 def new generation   total 10112K, used 5K [0x00000000e1000000, 0x00000000e1af0000, 0x00000000eb550000)
  eden space 9024K,   0% used [0x00000000e1000000, 0x00000000e1000000, 0x00000000e18d0000)
  from space 1088K,   0% used [0x00000000e18d0000, 0x00000000e18d16d0, 0x00000000e19e0000)
  to   space 1088K,   0% used [0x00000000e19e0000, 0x00000000e19e0000, 0x00000000e1af0000)
 tenured generation   total 22300K, used 16624K [0x00000000eb550000, 0x00000000ecb17000, 0x0000000100000000)
   the space 22300K,  74% used [0x00000000eb550000, 0x00000000ec58c398, 0x00000000ec58c400, 0x00000000ecb17000)
 Metaspace       used 41053K, committed 41536K, reserved 1089536K
  class space    used 5664K, committed 5888K, reserved 1048576K
}
Event: 177.835 GC heap before
{Heap before GC invocations=30779 (full 2):
 def new generation   total 10112K, used 9029K [0x00000000e1000000, 0x00000000e1af0000, 0x00000000eb550000)
  eden space 9024K, 100% used [0x00000000e1000000, 0x00000000e18d0000, 0x00000000e18d0000)
  from space 1088K,   0% used [0x00000000e18d0000, 0x00000000e18d16d0, 0x00000000e19e0000)
  to   space 1088K,   0% used [0x00000000e19e0000, 0x00000000e19e0000, 0x00000000e1af0000)
 tenured generation   total 22300K, used 16624K [0x00000000eb550000, 0x00000000ecb17000, 0x0000000100000000)
   the space 22300K,  74% used [0x00000000eb550000, 0x00000000ec58c398, 0x00000000ec58c400, 0x00000000ecb17000)
 Metaspace       used 41053K, committed 41536K, reserved 1089536K
  class space    used 5664K, committed 5888K, reserved 1048576K
}
Event: 177.835 GC heap after
{Heap after GC invocations=30780 (full 2):
 def new generation   total 10112K, used 3K [0x00000000e1000000, 0x00000000e1af0000, 0x00000000eb550000)
  eden space 9024K,   0% used [0x00000000e1000000, 0x00000000e1000000, 0x00000000e18d0000)
  from space 1088K,   0% used [0x00000000e19e0000, 0x00000000e19e0f90, 0x00000000e1af0000)
  to   space 1088K,   0% used [0x00000000e18d0000, 0x00000000e18d0000, 0x00000000e19e0000)
 tenured generation   total 22300K, used 16624K [0x00000000eb550000, 0x00000000ecb17000, 0x0000000100000000)
   the space 22300K,  74% used [0x00000000eb550000, 0x00000000ec58c398, 0x00000000ec58c400, 0x00000000ecb17000)
 Metaspace       used 41053K, committed 41536K, reserved 1089536K
  class space    used 5664K, committed 5888K, reserved 1048576K
}
Event: 177.872 GC heap before
{Heap before GC invocations=30780 (full 2):
 def new generation   total 10112K, used 9027K [0x00000000e1000000, 0x00000000e1af0000, 0x00000000eb550000)
  eden space 9024K, 100% used [0x00000000e1000000, 0x00000000e18d0000, 0x00000000e18d0000)
  from space 1088K,   0% used [0x00000000e19e0000, 0x00000000e19e0f90, 0x00000000e1af0000)
  to   space 1088K,   0% used [0x00000000e18d0000, 0x00000000e18d0000, 0x00000000e19e0000)
 tenured generation   total 22300K, used 16624K [0x00000000eb550000, 0x00000000ecb17000, 0x0000000100000000)
   the space 22300K,  74% used [0x00000000eb550000, 0x00000000ec58c398, 0x00000000ec58c400, 0x00000000ecb17000)
 Metaspace       used 41059K, committed 41536K, reserved 1089536K
  class space    used 5665K, committed 5888K, reserved 1048576K
}
Event: 177.873 GC heap after
{Heap after GC invocations=30781 (full 2):
 def new generation   total 10112K, used 5K [0x00000000e1000000, 0x00000000e1af0000, 0x00000000eb550000)
  eden space 9024K,   0% used [0x00000000e1000000, 0x00000000e1000000, 0x00000000e18d0000)
  from space 1088K,   0% used [0x00000000e18d0000, 0x00000000e18d16f0, 0x00000000e19e0000)
  to   space 1088K,   0% used [0x00000000e19e0000, 0x00000000e19e0000, 0x00000000e1af0000)
 tenured generation   total 22300K, used 16625K [0x00000000eb550000, 0x00000000ecb17000, 0x0000000100000000)
   the space 22300K,  74% used [0x00000000eb550000, 0x00000000ec58c560, 0x00000000ec58c600, 0x00000000ecb17000)
 Metaspace       used 41059K, committed 41536K, reserved 1089536K
  class space    used 5665K, committed 5888K, reserved 1048576K
}
Event: 177.902 GC heap before
{Heap before GC invocations=30781 (full 2):
 def new generation   total 10112K, used 9029K [0x00000000e1000000, 0x00000000e1af0000, 0x00000000eb550000)
  eden space 9024K, 100% used [0x00000000e1000000, 0x00000000e18d0000, 0x00000000e18d0000)
  from space 1088K,   0% used [0x00000000e18d0000, 0x00000000e18d16f0, 0x00000000e19e0000)
  to   space 1088K,   0% used [0x00000000e19e0000, 0x00000000e19e0000, 0x00000000e1af0000)
 tenured generation   total 22300K, used 16625K [0x00000000eb550000, 0x00000000ecb17000, 0x0000000100000000)
   the space 22300K,  74% used [0x00000000eb550000, 0x00000000ec58c560, 0x00000000ec58c600, 0x00000000ecb17000)
 Metaspace       used 41061K, committed 41536K, reserved 1089536K
  class space    used 5665K, committed 5888K, reserved 1048576K
}
Event: 177.903 GC heap after
{Heap after GC invocations=30782 (full 2):
 def new generation   total 10112K, used 1K [0x00000000e1000000, 0x00000000e1af0000, 0x00000000eb550000)
  eden space 9024K,   0% used [0x00000000e1000000, 0x00000000e1000000, 0x00000000e18d0000)
  from space 1088K,   0% used [0x00000000e19e0000, 0x00000000e19e0470, 0x00000000e1af0000)
  to   space 1088K,   0% used [0x00000000e18d0000, 0x00000000e18d0000, 0x00000000e19e0000)
 tenured generation   total 22300K, used 16625K [0x00000000eb550000, 0x00000000ecb17000, 0x0000000100000000)
   the space 22300K,  74% used [0x00000000eb550000, 0x00000000ec58c560, 0x00000000ec58c600, 0x00000000ecb17000)
 Metaspace       used 41061K, committed 41536K, reserved 1089536K
  class space    used 5665K, committed 5888K, reserved 1048576K
}
Event: 177.916 GC heap before
{Heap before GC invocations=30782 (full 2):
 def new generation   total 10112K, used 9025K [0x00000000e1000000, 0x00000000e1af0000, 0x00000000eb550000)
  eden space 9024K, 100% used [0x00000000e1000000, 0x00000000e18d0000, 0x00000000e18d0000)
  from space 1088K,   0% used [0x00000000e19e0000, 0x00000000e19e0470, 0x00000000e1af0000)
  to   space 1088K,   0% used [0x00000000e18d0000, 0x00000000e18d0000, 0x00000000e19e0000)
 tenured generation   total 22300K, used 16625K [0x00000000eb550000, 0x00000000ecb17000, 0x0000000100000000)
   the space 22300K,  74% used [0x00000000eb550000, 0x00000000ec58c560, 0x00000000ec58c600, 0x00000000ecb17000)
 Metaspace       used 41062K, committed 41536K, reserved 1089536K
  class space    used 5665K, committed 5888K, reserved 1048576K
}
Event: 177.917 GC heap after
{Heap after GC invocations=30783 (full 2):
 def new generation   total 10112K, used 1K [0x00000000e1000000, 0x00000000e1af0000, 0x00000000eb550000)
  eden space 9024K,   0% used [0x00000000e1000000, 0x00000000e1000000, 0x00000000e18d0000)
  from space 1088K,   0% used [0x00000000e18d0000, 0x00000000e18d0708, 0x00000000e19e0000)
  to   space 1088K,   0% used [0x00000000e19e0000, 0x00000000e19e0000, 0x00000000e1af0000)
 tenured generation   total 22300K, used 16625K [0x00000000eb550000, 0x00000000ecb17000, 0x0000000100000000)
   the space 22300K,  74% used [0x00000000eb550000, 0x00000000ec58c560, 0x00000000ec58c600, 0x00000000ecb17000)
 Metaspace       used 41062K, committed 41536K, reserved 1089536K
  class space    used 5665K, committed 5888K, reserved 1048576K
}
Event: 177.930 GC heap before
{Heap before GC invocations=30783 (full 2):
 def new generation   total 10112K, used 9025K [0x00000000e1000000, 0x00000000e1af0000, 0x00000000eb550000)
  eden space 9024K, 100% used [0x00000000e1000000, 0x00000000e18d0000, 0x00000000e18d0000)
  from space 1088K,   0% used [0x00000000e18d0000, 0x00000000e18d0708, 0x00000000e19e0000)
  to   space 1088K,   0% used [0x00000000e19e0000, 0x00000000e19e0000, 0x00000000e1af0000)
 tenured generation   total 22300K, used 16625K [0x00000000eb550000, 0x00000000ecb17000, 0x0000000100000000)
   the space 22300K,  74% used [0x00000000eb550000, 0x00000000ec58c560, 0x00000000ec58c600, 0x00000000ecb17000)
 Metaspace       used 41062K, committed 41536K, reserved 1089536K
  class space    used 5665K, committed 5888K, reserved 1048576K
}
Event: 177.931 GC heap after
{Heap after GC invocations=30784 (full 2):
 def new generation   total 10112K, used 1K [0x00000000e1000000, 0x00000000e1af0000, 0x00000000eb550000)
  eden space 9024K,   0% used [0x00000000e1000000, 0x00000000e1000000, 0x00000000e18d0000)
  from space 1088K,   0% used [0x00000000e19e0000, 0x00000000e19e0740, 0x00000000e1af0000)
  to   space 1088K,   0% used [0x00000000e18d0000, 0x00000000e18d0000, 0x00000000e19e0000)
 tenured generation   total 22300K, used 16625K [0x00000000eb550000, 0x00000000ecb17000, 0x0000000100000000)
   the space 22300K,  74% used [0x00000000eb550000, 0x00000000ec58c560, 0x00000000ec58c600, 0x00000000ecb17000)
 Metaspace       used 41062K, committed 41536K, reserved 1089536K
  class space    used 5665K, committed 5888K, reserved 1048576K
}

